\BOOKMARK [0][-]{section*.2}{\376\377\000G\000l\000o\000s\000s\000a\000r\000y}{}% 1
\BOOKMARK [0][-]{chapter.1}{\376\377\000I\000n\000t\000r\000o\000d\000u\000c\000t\000i\000o\000n}{}% 2
\BOOKMARK [1][-]{section.1.1}{\376\377\000B\000a\000c\000k\000g\000r\000o\000u\000n\000d\000\040\000t\000o\000\040\000t\000h\000e\000\040\000s\000t\000u\000d\000y}{chapter.1}% 3
\BOOKMARK [1][-]{section.1.2}{\376\377\000O\000b\000j\000e\000c\000t\000i\000v\000e\000s\000\040\000o\000f\000\040\000t\000h\000i\000s\000\040\000s\000t\000u\000d\000y}{chapter.1}% 4
\BOOKMARK [2][-]{subsection.1.2.1}{\376\377\000P\000r\000o\000b\000l\000e\000m\000s\000\040\000t\000o\000\040\000b\000e\000\040\000i\000n\000v\000e\000s\000t\000i\000g\000a\000t\000e\000d}{section.1.2}% 5
\BOOKMARK [2][-]{subsection.1.2.2}{\376\377\000P\000u\000r\000p\000o\000s\000e\000\040\000o\000f\000\040\000t\000h\000e\000\040\000s\000t\000u\000d\000y}{section.1.2}% 6
\BOOKMARK [1][-]{section.1.3}{\376\377\000S\000c\000o\000p\000e\000\040\000a\000n\000d\000\040\000L\000i\000m\000i\000t\000a\000t\000i\000o\000n\000s}{chapter.1}% 7
\BOOKMARK [1][-]{section.1.4}{\376\377\000P\000l\000a\000n\000\040\000o\000f\000\040\000d\000e\000v\000e\000l\000o\000p\000m\000e\000n\000t}{chapter.1}% 8
\BOOKMARK [0][-]{chapter.2}{\376\377\000L\000i\000t\000e\000r\000a\000t\000u\000r\000e\000\040\000R\000e\000v\000i\000e\000w}{}% 9
\BOOKMARK [1][-]{section.2.1}{\376\377\000I\000n\000t\000r\000o\000d\000u\000c\000t\000i\000o\000n}{chapter.2}% 10
\BOOKMARK [1][-]{section.2.2}{\376\377\000S\000a\000l\000i\000n\000i\000t\000y\000:\000\040\000D\000e\000f\000i\000n\000i\000t\000i\000o\000n}{chapter.2}% 11
\BOOKMARK [1][-]{section.2.3}{\376\377\000O\000v\000e\000r\000v\000i\000e\000w\000\040\000o\000f\000\040\000S\000a\000l\000i\000n\000i\000t\000y\000\040\000M\000e\000a\000s\000u\000r\000e\000m\000e\000n\000t\000\040\000M\000e\000t\000h\000o\000d\000s}{chapter.2}% 12
\BOOKMARK [2][-]{subsection.2.3.1}{\376\377\000H\000i\000s\000t\000o\000r\000i\000c\000a\000l\000\040\000M\000e\000t\000h\000o\000d\000s}{section.2.3}% 13
\BOOKMARK [2][-]{subsection.2.3.2}{\376\377\000P\000h\000y\000s\000i\000c\000a\000l\000\040\000P\000r\000o\000p\000e\000r\000t\000y\000\040\000B\000a\000s\000e\000d\000\040\000M\000e\000t\000h\000o\000d\000s}{section.2.3}% 14
\BOOKMARK [2][-]{subsection.2.3.3}{\376\377\000A\000d\000v\000a\000n\000c\000e\000d\000\040\000A\000n\000a\000l\000y\000t\000i\000c\000a\000l\000\040\000M\000e\000t\000h\000o\000d\000s}{section.2.3}% 15
\BOOKMARK [1][-]{section.2.4}{\376\377\000C\000o\000n\000d\000u\000c\000t\000i\000v\000i\000t\000y\000-\000B\000a\000s\000e\000d\000\040\000S\000a\000l\000i\000n\000i\000t\000y\000\040\000M\000e\000a\000s\000u\000r\000e\000m\000e\000n\000t\000s}{chapter.2}% 16
\BOOKMARK [2][-]{subsection.2.4.1}{\376\377\000T\000h\000e\000o\000r\000e\000t\000i\000c\000a\000l\000\040\000F\000o\000u\000n\000d\000a\000t\000i\000o\000n}{section.2.4}% 17
\BOOKMARK [2][-]{subsection.2.4.2}{\376\377\000T\000e\000m\000p\000e\000r\000a\000t\000u\000r\000e\000\040\000a\000n\000d\000\040\000P\000r\000e\000s\000s\000u\000r\000e\000\040\000C\000o\000m\000p\000e\000n\000s\000a\000t\000i\000o\000n}{section.2.4}% 18
\BOOKMARK [2][-]{subsection.2.4.3}{\376\377\000I\000n\000s\000t\000r\000u\000m\000e\000n\000t\000a\000t\000i\000o\000n\000\040\000a\000n\000d\000\040\000T\000e\000c\000h\000n\000o\000l\000o\000g\000y}{section.2.4}% 19
\BOOKMARK [2][-]{subsection.2.4.4}{\376\377\000A\000p\000p\000l\000i\000c\000a\000t\000i\000o\000n\000s\000\040\000a\000n\000d\000\040\000L\000i\000m\000i\000t\000a\000t\000i\000o\000n\000s}{section.2.4}% 20
\BOOKMARK [1][-]{section.2.5}{\376\377\000M\000a\000c\000h\000i\000n\000e\000\040\000L\000e\000a\000r\000n\000i\000n\000g\000\040\000A\000p\000p\000l\000i\000c\000a\000t\000i\000o\000n\000s\000\040\000i\000n\000\040\000E\000l\000e\000c\000t\000r\000o\000c\000h\000e\000m\000i\000c\000a\000l\000\040\000\040\000I\000m\000p\000e\000d\000a\000n\000c\000e\000\040\000S\000p\000e\000c\000t\000r\000o\000s\000c\000o\000p\000y}{chapter.2}% 21
\BOOKMARK [2][-]{subsection.2.5.1}{\376\377\000e\000i\000s}{section.2.5}% 22
\BOOKMARK [2][-]{subsection.2.5.2}{\376\377\000E\000I\000S\000\040\000F\000u\000n\000d\000a\000m\000e\000n\000t\000a\000l\000s}{section.2.5}% 23
\BOOKMARK [2][-]{subsection.2.5.3}{\376\377\000L\000i\000m\000i\000t\000a\000t\000i\000o\000n\000s\000\040\000o\000f\000\040\000T\000r\000a\000d\000i\000t\000i\000o\000n\000a\000l\000\040\000E\000q\000u\000i\000v\000a\000l\000e\000n\000t\000\040\000C\000i\000r\000c\000u\000i\000t\000\040\000M\000o\000d\000e\000l\000l\000i\000n\000g}{section.2.5}% 24
\BOOKMARK [2][-]{subsection.2.5.4}{\376\377\000M\000a\000c\000h\000i\000n\000e\000\040\000L\000e\000a\000r\000n\000i\000n\000g\000\040\000M\000o\000d\000e\000l\000l\000i\000n\000g\000\040\000f\000o\000r\000\040\000I\000m\000p\000e\000d\000a\000n\000c\000e\000\040\000A\000n\000a\000l\000y\000s\000i\000s}{section.2.5}% 25
\BOOKMARK [2][-]{subsection.2.5.5}{\376\377\000M\000a\000c\000h\000i\000n\000e\000\040\000L\000e\000a\000r\000n\000i\000n\000g\000\040\000A\000l\000g\000o\000r\000i\000t\000h\000m\000s\000\040\000f\000o\000r\000\040\000S\000a\000l\000i\000n\000i\000t\000y\000\040\000P\000r\000e\000d\000i\000c\000t\000i\000o\000n}{section.2.5}% 26
\BOOKMARK [0][-]{chapter.3}{\376\377\000M\000e\000t\000h\000o\000d\000o\000l\000o\000g\000y}{}% 27
\BOOKMARK [1][-]{section.3.1}{\376\377\000S\000a\000l\000i\000n\000i\000t\000y\000\040\000M\000e\000a\000s\000u\000r\000e\000m\000e\000n\000t\000\040\000M\000e\000t\000h\000o\000d}{chapter.3}% 28
\BOOKMARK [1][-]{section.3.2}{\376\377\000E\000l\000e\000c\000t\000r\000o\000d\000e\000\040\000D\000e\000s\000i\000g\000n}{chapter.3}% 29
\BOOKMARK [1][-]{section.3.3}{\376\377\000R\000e\000s\000i\000s\000t\000a\000n\000c\000e\000\040\000M\000e\000a\000s\000u\000r\000e\000m\000e\000n\000t}{chapter.3}% 30
\BOOKMARK [1][-]{section.3.4}{\376\377\000C\000i\000r\000c\000u\000i\000t\000\040\000D\000e\000s\000i\000g\000n}{chapter.3}% 31
\BOOKMARK [1][-]{section.3.5}{\376\377\000A\000s\000s\000e\000m\000b\000l\000y\000\040\000a\000n\000d\000\040\000P\000r\000o\000g\000r\000a\000m\000m\000i\000n\000g}{chapter.3}% 32
\BOOKMARK [2][-]{subsection.3.5.1}{\376\377\000P\000C\000B\000\040\000a\000n\000d\000\040\000C\000i\000r\000c\000u\000i\000t\000\040\000A\000s\000s\000e\000m\000b\000l\000y}{section.3.5}% 33
\BOOKMARK [2][-]{subsection.3.5.2}{\376\377\000W\000a\000t\000e\000r\000p\000r\000o\000o\000f\000i\000n\000g}{section.3.5}% 34
\BOOKMARK [2][-]{subsection.3.5.3}{\376\377\000M\000i\000c\000r\000o\000c\000o\000n\000t\000r\000o\000l\000l\000e\000r\000\040\000P\000r\000o\000g\000r\000a\000m\000m\000i\000n\000g}{section.3.5}% 35
\BOOKMARK [2][-]{subsection.3.5.4}{\376\377\000M\000a\000c\000h\000i\000n\000e\000\040\000L\000e\000a\000r\000n\000i\000n\000g\000\040\000P\000r\000o\000g\000r\000a\000m\000m\000i\000n\000g\000\040\000a\000n\000d\000\040\000A\000C\000\040\000A\000n\000a\000l\000y\000s\000i\000s}{section.3.5}% 36
\BOOKMARK [0][-]{chapter.4}{\376\377\000T\000e\000s\000t\000i\000n\000g\000\040\000a\000n\000d\000\040\000E\000v\000a\000l\000u\000a\000t\000i\000o\000n}{}% 37
\BOOKMARK [1][-]{section.4.1}{\376\377\000C\000o\000m\000p\000o\000n\000e\000n\000t\000\040\000a\000n\000d\000\040\000E\000q\000u\000i\000p\000m\000e\000n\000t\000\040\000T\000e\000s\000t\000i\000n\000g}{chapter.4}% 38
\BOOKMARK [2][-]{subsection.4.1.1}{\376\377\000R\000e\000s\000i\000s\000t\000o\000r\000\040\000T\000e\000s\000t\000i\000n\000g}{section.4.1}% 39
\BOOKMARK [2][-]{subsection.4.1.2}{\376\377\000D\000A\000C\000\040\000a\000n\000d\000\040\000A\000D\000C\000\040\000A\000c\000c\000u\000r\000a\000c\000y}{section.4.1}% 40
\BOOKMARK [2][-]{subsection.4.1.3}{\376\377\000A\000c\000c\000u\000r\000a\000c\000y\000\040\000o\000f\000\040\000R\000e\000s\000i\000s\000t\000a\000n\000c\000e\000\040\000M\000e\000a\000s\000u\000r\000i\000n\000g\000\040\000C\000i\000r\000c\000u\000i\000t\000r\000y}{section.4.1}% 41
\BOOKMARK [1][-]{section.4.2}{\376\377\000S\000a\000l\000i\000n\000i\000t\000y\000\040\000T\000e\000s\000t\000i\000n\000g}{chapter.4}% 42
\BOOKMARK [2][-]{subsection.4.2.1}{\376\377\000V\000o\000l\000t\000a\000g\000e\000\040\000M\000e\000a\000s\000u\000r\000e\000m\000e\000n\000t\000\040\000A\000c\000c\000u\000r\000a\000c\000y\000\040\000a\000n\000d\000\040\000R\000e\000p\000e\000a\000t\000a\000b\000i\000l\000i\000t\000y}{section.4.2}% 43
\BOOKMARK [2][-]{subsection.4.2.2}{\376\377\000C\000o\000n\000d\000u\000c\000t\000i\000v\000i\000t\000y\000\040\000a\000n\000d\000\040\000S\000a\000l\000i\000n\000i\000t\000y\000\040\000M\000e\000a\000s\000u\000r\000e\000m\000e\000n\000t}{section.4.2}% 44
\BOOKMARK [1][-]{section.4.3}{\376\377\000E\000I\000S\000\040\000a\000n\000d\000\040\000M\000a\000c\000h\000i\000n\000e\000\040\000L\000e\000a\000r\000n\000i\000n\000g}{chapter.4}% 45
\BOOKMARK [0][-]{chapter.5}{\376\377\000C\000o\000n\000c\000l\000u\000s\000i\000o\000n\000s}{}% 46
\BOOKMARK [0][-]{chapter.6}{\376\377\000R\000e\000c\000o\000m\000m\000e\000n\000d\000a\000t\000i\000o\000n\000s}{}% 47
\BOOKMARK [0][-]{chapter.6}{\376\377\000B\000i\000b\000l\000i\000o\000g\000r\000a\000p\000h\000y}{}% 48
\BOOKMARK [0][-]{appendix.A}{\376\377\000A\000d\000d\000i\000t\000i\000o\000n\000a\000l\000\040\000F\000i\000l\000e\000s\000\040\000a\000n\000d\000\040\000S\000c\000h\000e\000m\000a\000t\000i\000c\000s}{}% 49
\BOOKMARK [0][-]{appendix.B}{\376\377\000A\000d\000d\000e\000n\000d\000a}{}% 50
\BOOKMARK [1][-]{section.B.1}{\376\377\000E\000t\000h\000i\000c\000s\000\040\000F\000o\000r\000m\000s}{appendix.B}% 51
\BOOKMARK [0][-]{appendix.C}{\376\377\000G\000i\000t\000H\000u\000b\000\040\000R\000e\000p\000o\000s\000i\000t\000o\000r\000y}{}% 52
